\BOOKMARK [0][-]{chapter.1}{GitHub}{}% 1
\BOOKMARK [1][-]{section.1.1}{ Introducci\363n}{chapter.1}% 2
\BOOKMARK [2][-]{subsection.1.1.1}{ Requisitos}{section.1.1}% 3
\BOOKMARK [1][-]{section.1.2}{ Experiencias}{chapter.1}% 4
\BOOKMARK [1][-]{section.1.3}{ conclusiones}{chapter.1}% 5
\BOOKMARK [0][-]{chapter.2}{LaTeX}{}% 6
\BOOKMARK [1][-]{section.2.1}{ Introducci\363n}{chapter.2}% 7
\BOOKMARK [2][-]{subsection.2.1.1}{ Requisitos}{section.2.1}% 8
\BOOKMARK [1][-]{section.2.2}{ Experiencias}{chapter.2}% 9
\BOOKMARK [1][-]{section.2.3}{ Conclusiones}{chapter.2}% 10
\BOOKMARK [0][-]{chapter.3}{Android}{}% 11
\BOOKMARK [1][-]{section.3.1}{ Introducci\363n}{chapter.3}% 12
\BOOKMARK [2][-]{subsection.3.1.1}{ Requisitos}{section.3.1}% 13
\BOOKMARK [1][-]{section.3.2}{ Como ejecutar el proyecto}{chapter.3}% 14
\BOOKMARK [1][-]{section.3.3}{ Aplicaci\363n}{chapter.3}% 15
\BOOKMARK [1][-]{section.3.4}{ Experiencias}{chapter.3}% 16
\BOOKMARK [1][-]{section.3.5}{ Conclusiones}{chapter.3}% 17
\BOOKMARK [0][-]{chapter.4}{Python}{}% 18
\BOOKMARK [1][-]{section.4.1}{ Introducci\363n}{chapter.4}% 19
\BOOKMARK [2][-]{subsection.4.1.1}{ Requisitos}{section.4.1}% 20
\BOOKMARK [1][-]{section.4.2}{ Como ejecutar el proyecto}{chapter.4}% 21
\BOOKMARK [1][-]{section.4.3}{ Codigo}{chapter.4}% 22
\BOOKMARK [1][-]{section.4.4}{ Experiencias}{chapter.4}% 23
\BOOKMARK [1][-]{section.4.5}{ Conclusiones}{chapter.4}% 24
\BOOKMARK [0][-]{chapter.5}{HasKell}{}% 25
\BOOKMARK [1][-]{section.5.1}{ Introducci\363n}{chapter.5}% 26
\BOOKMARK [1][-]{section.5.2}{ Descripci\363n del Algoritmo Gen\351tico}{chapter.5}% 27
\BOOKMARK [1][-]{section.5.3}{ El proyecto}{chapter.5}% 28
\BOOKMARK [2][-]{subsection.5.3.1}{ Requisitos}{section.5.3}% 29
\BOOKMARK [2][-]{subsection.5.3.2}{ Como Ejecutar el Proyecto}{section.5.3}% 30
\BOOKMARK [1][-]{section.5.4}{Programa Fuente}{chapter.5}% 31
\BOOKMARK [1][-]{section.5.5}{Experiencias}{chapter.5}% 32
\BOOKMARK [1][-]{section.5.6}{Conclusiones}{chapter.5}% 33
